This is e-pTeX, Version 3.14159265-p3.6-141210-2.6 (utf8.euc) (TeX Live 2015/Debian) (preloaded format=platex 2018.10.13)  27 NOV 2018 00:42
entering extended mode
 restricted \write18 enabled.
 %&-line parsing enabled.
**syuron.
(/usr/share/texlive/texmf-dist/tex/latex/tools/q.tex
pLaTeX2e <2006/11/10> (based on LaTeX2e <2016/02/01> patch level 0)
Babel <3.9n> and hyphenation patterns for 11 languages loaded.
File ignored
)
! Emergency stop.
<*> syuron.
           
*** (job aborted, no legal \end found)

 
Here is how much of TeX's memory you used:
 7 strings out of 494865
 161 string characters out of 6179768
 50038 words of memory out of 5000000
 3527 multiletter control sequences out of 15000+600000
 7511 words of font info for 31 fonts, out of 8000000 for 9000
 264 hyphenation exceptions out of 8191
 5i,0n,1p,87b,8s stack positions out of 5000i,500n,10000p,200000b,80000s
No pages of output.
